372629
Odvoz

3
432
4 8 96 480 0 20
4 96 39 481 0 -20
4 39 96 482 0 20
4 96 39 483 0 -20
4 39 96 484 0 20
4 96 39 485 0 -20
4 39 96 486 0 20
4 96 39 487 0 -20
4 39 96 488 0 8
4 96 7 489 0 12
4 7 33 490 0 -20
4 33 7 491 0 20
4 7 33 492 0 -20
4 33 7 493 0 17
4 7 33 494 0 -17
4 33 8 495 0 0
7 52 15 480 0 20
7 15 44 481 0 0
7 44 24 482 0 -20
7 24 15 483 0 20
7 15 44 485 0 0
7 44 24 486 0 -20
7 24 15 487 0 20
7 15 44 489 0 0
7 44 24 490 0 -20
7 24 15 491 0 20
7 15 44 493 0 0
7 44 24 494 0 -20
7 24 15 495 0 19
7 15 47 497 0 0
7 47 11 498 0 -19
7 11 40 499 0 20
7 40 11 500 0 -20
7 11 40 501 0 20
7 40 11 502 0 -20
7 11 40 503 0 20
7 40 11 504 0 -20
7 11 40 505 0 20
7 40 11 506 0 -20
7 11 40 507 0 20
7 40 11 508 0 -20
7 11 40 509 0 17
7 40 11 510 0 -17
7 11 34 511 0 20
7 34 11 512 0 -20
7 11 34 513 0 20
7 34 11 514 0 -20
7 11 34 515 0 20
7 34 11 516 0 -20
7 11 34 517 0 18
7 34 11 518 0 -18
7 11 12 519 0 20
7 12 11 520 0 -20
7 11 12 521 0 20
7 12 11 522 0 -20
7 11 12 523 0 20
7 12 11 524 0 -20
7 11 12 525 0 3
7 12 1 526 0 17
7 1 11 527 0 -20
7 11 1 528 0 20
7 1 11 529 0 -20
7 11 1 530 0 20
7 1 11 531 0 -20
7 11 1 532 0 9
7 1 38 533 0 -9
7 38 88 534 0 0
7 88 51 537 0 20
7 51 68 538 0 -20
7 68 6 541 0 0
7 6 51 542 0 20
7 51 68 544 0 -20
7 68 6 547 0 0
7 6 51 548 0 20
7 51 68 550 0 -20
7 68 6 553 0 0
7 6 51 554 0 20
7 51 68 556 0 -20
7 68 6 559 0 0
7 6 51 560 0 17
7 51 68 562 0 -17
7 68 70 565 0 20
7 70 50 566 0 -20
7 50 70 567 0 20
7 70 50 568 0 -20
7 50 70 569 0 20
7 70 50 570 0 -20
7 50 70 571 0 14
7 70 58 572 0 -14
7 58 52 573 0 0
10 73 74 480 0 0
10 74 23 482 0 24
10 23 83 483 0 -24
10 83 23 484 0 24
10 23 83 486 0 -24
10 83 23 487 0 24
10 23 83 489 0 -24
10 83 23 490 0 24
10 23 83 492 0 -24
10 83 23 493 0 7
10 23 78 495 0 0
10 78 63 496 0 0
10 63 10 497 0 17
10 10 54 498 0 0
10 54 59 500 0 -24
10 59 10 501 0 24
10 10 54 503 0 0
10 54 59 505 0 -24
10 59 10 506 0 21
10 10 54 508 0 0
10 54 58 510 0 -21
10 58 16 511 0 24
10 16 58 512 0 -24
10 58 16 513 0 24
10 16 58 514 0 -24
10 58 16 515 0 24
10 16 58 516 0 -24
10 58 16 517 0 12
10 16 14 518 0 12
10 14 66 520 0 0
10 66 24 522 0 -24
10 24 75 524 0 0
10 75 14 525 0 24
10 14 66 527 0 0
10 66 24 529 0 -24
10 24 75 531 0 0
10 75 14 532 0 24
10 14 66 534 0 0
10 66 24 536 0 -24
10 24 75 538 0 0
10 75 14 539 0 20
10 14 66 541 0 0
10 66 24 543 0 -20
10 24 44 545 0 24
10 44 24 546 0 -24
10 24 44 547 0 24
10 44 24 548 0 -24
10 24 44 549 0 14
10 44 24 550 0 -14
10 24 68 551 0 0
10 68 17 552 0 24
10 17 11 553 0 -24
10 11 17 554 0 24
10 17 11 555 0 -24
10 11 17 556 0 16
10 17 11 557 0 -16
10 11 70 558 0 0
10 70 80 560 0 24
10 80 62 562 0 -24
10 62 80 563 0 24
10 80 62 564 0 -24
10 62 80 565 0 24
10 80 62 566 0 -24
10 62 80 567 0 19
10 80 73 568 0 0
10 73 20 569 0 5
10 20 83 570 0 -24
10 83 20 571 0 24
10 20 83 572 0 -24
10 83 20 573 0 24
10 20 83 574 0 -24
10 83 20 575 0 24
10 20 83 576 0 -24
10 83 20 577 0 24
10 20 83 578 0 -24
10 83 20 579 0 24
10 20 83 580 0 -24
10 83 20 581 0 24
10 20 68 582 0 -24
10 68 6 586 0 24
10 6 2 587 0 0
10 2 68 588 0 -24
10 68 6 589 0 24
10 6 2 590 0 0
10 2 68 591 0 -24
10 68 6 592 0 20
10 6 2 593 0 4
10 2 68 594 0 -24
10 68 2 595 0 24
10 2 68 596 0 -24
10 68 2 597 0 24
10 2 68 598 0 -24
10 68 2 599 0 17
10 2 26 600 0 -17
10 26 84 604 0 24
10 84 26 605 0 -24
10 26 84 606 0 24
10 84 26 607 0 -24
10 26 84 608 0 22
10 84 26 609 0 -22
10 26 72 610 0 24
10 72 61 612 0 -24
10 61 72 613 0 24
10 72 61 614 0 -24
10 61 72 615 0 17
10 72 27 616 0 0
10 27 26 617 0 -17
10 26 22 618 0 0
10 22 97 619 0 24
10 97 35 621 0 -24
10 35 97 622 0 24
10 97 35 623 0 -24
10 35 97 624 0 24
10 97 35 625 0 -24
10 35 97 626 0 22
10 97 45 627 0 -22
10 45 7 628 0 0
10 7 25 631 0 24
10 25 39 632 0 -24
10 39 7 633 0 0
10 7 25 634 0 24
10 25 39 635 0 -24
10 39 7 636 0 0
10 7 25 637 0 24
10 25 39 638 0 -24
10 39 7 639 0 0
10 7 25 640 0 11
10 25 96 641 0 0
10 96 4 642 0 13
10 4 83 644 0 -24
10 83 4 645 0 24
10 4 83 646 0 -24
10 83 4 647 0 20
10 4 43 648 0 -20
10 43 19 649 0 24
10 19 39 650 0 -24
10 39 19 651 0 24
10 19 39 652 0 -24
10 39 19 653 0 24
10 19 39 654 0 -24
10 39 19 655 0 23
10 19 18 656 0 0
10 18 35 657 0 -23
10 35 76 659 0 24
10 76 35 660 0 -24
10 35 76 661 0 24
10 76 35 662 0 -24
10 35 76 663 0 24
10 76 35 664 0 -24
10 35 76 665 0 23
10 76 35 666 0 -23
10 35 89 667 0 24
10 89 23 668 0 0
10 23 35 669 0 -24
10 35 89 670 0 24
10 89 23 671 0 0
10 23 35 672 0 -24
10 35 89 673 0 22
10 89 90 674 0 0
10 90 26 675 0 -22
10 26 22 676 0 24
10 22 30 677 0 -24
10 30 22 678 0 24
10 22 30 679 0 -24
10 30 22 680 0 24
10 22 30 681 0 -24
10 30 22 682 0 24
10 22 30 683 0 -24
10 30 22 684 0 14
10 22 30 685 0 -14
10 30 85 686 0 24
10 85 56 688 0 0
10 56 30 689 0 -24
10 30 85 690 0 24
10 85 56 692 0 0
10 56 30 693 0 -24
10 30 85 694 0 24
10 85 56 696 0 0
10 56 30 697 0 -24
10 30 85 698 0 15
10 85 56 700 0 0
10 56 24 701 0 -15
10 24 70 703 0 0
10 70 94 704 0 24
10 94 35 705 0 -24
10 35 5 708 0 0
10 5 94 709 0 24
10 94 35 710 0 -24
10 35 5 713 0 0
10 5 94 714 0 21
10 94 35 715 0 -21
10 35 100 718 0 24
10 100 35 719 0 -24
10 35 100 720 0 10
10 100 35 721 0 -10
10 35 27 722 0 24
10 27 26 724 0 -24
10 26 27 725 0 24
10 27 26 726 0 -24
10 26 27 727 0 24
10 27 26 728 0 -24
10 26 27 729 0 15
10 27 74 730 0 0
10 74 65 732 0 9
10 65 45 733 0 -24
10 45 65 734 0 24
10 65 45 735 0 -24
10 45 65 736 0 24
10 65 35 737 0 -24
10 35 89 739 0 0
10 89 60 740 0 24
10 60 50 743 0 -24
10 50 60 744 0 17
10 60 91 745 0 -17
10 91 63 746 0 24
10 63 91 747 0 -24
10 91 63 748 0 24
10 63 91 749 0 -24
10 91 63 750 0 16
10 63 45 751 0 -16
10 45 36 753 0 24
10 36 56 755 0 0
10 56 45 756 0 -24
10 45 36 757 0 24
10 36 56 759 0 0
10 56 45 760 0 -24
10 45 36 761 0 24
10 36 56 763 0 0
10 56 45 764 0 -24
10 45 36 765 0 19
10 36 56 767 0 0
10 56 30 768 0 -19
10 30 42 769 0 24
10 42 83 771 0 -24
10 83 42 772 0 24
10 42 83 773 0 -24
10 83 42 774 0 20
10 42 83 775 0 -20
10 83 21 776 0 24
10 21 61 778 0 -24
10 61 99 779 0 0
10 99 21 780 0 24
10 21 61 782 0 -24
10 61 99 783 0 0
10 99 21 784 0 24
10 21 61 786 0 -24
10 61 99 787 0 0
10 99 21 788 0 24
10 21 61 790 0 -24
10 61 99 791 0 0
10 99 21 792 0 3
10 21 54 794 0 0
10 54 55 795 0 21
10 55 58 796 0 -24
10 58 55 797 0 24
10 55 58 798 0 -24
10 58 55 799 0 24
10 55 58 800 0 -24
10 58 55 801 0 5
10 55 77 802 0 19
10 77 11 805 0 -24
10 11 52 808 0 0
10 52 77 810 0 24
10 77 11 812 0 -24
10 11 52 815 0 0
10 52 77 817 0 23
10 77 20 819 0 0
10 20 83 820 0 -23
10 83 81 821 0 24
10 81 4 822 0 0
10 4 83 823 0 -24
10 83 81 824 0 24
10 81 4 825 0 0
10 4 83 826 0 -24
10 83 81 827 0 23
10 81 59 828 0 -23
10 59 54 831 0 24
10 54 58 832 0 -24
10 58 54 833 0 24
10 54 58 834 0 -24
10 58 54 835 0 22
10 54 50 836 0 -22
10 50 13 837 0 0
10 13 3 838 0 24
10 3 99 839 0 0
10 99 24 841 0 -24
10 24 13 843 0 0
10 13 3 844 0 24
10 3 99 845 0 0
10 99 24 847 0 -24
10 24 13 849 0 0
10 13 3 850 0 17
10 3 99 851 0 0
10 99 24 853 0 -17
10 24 13 855 0 24
10 13 24 856 0 -24
10 24 13 857 0 24
10 13 24 858 0 -24
10 24 13 859 0 18
10 13 24 860 0 -18
10 24 98 861 0 24
10 98 24 862 0 -24
10 24 98 863 0 24
10 98 24 864 0 -24
10 24 98 865 0 13
10 98 24 866 0 -13
10 24 70 867 0 0
10 70 87 868 0 24
10 87 35 870 0 -24
10 35 87 871 0 24
10 87 35 872 0 -24
10 35 87 873 0 24
10 87 35 874 0 -24
10 35 87 875 0 7
10 87 90 876 0 17
10 90 26 877 0 -24
10 26 90 878 0 24
10 90 26 879 0 -24
10 26 90 880 0 24
10 90 26 881 0 -24
10 26 90 882 0 20
10 90 26 883 0 -20
10 26 66 884 0 24
10 66 59 886 0 -24
10 59 66 887 0 24
10 66 59 888 0 -24
10 59 66 889 0 17
10 66 62 890 0 -17
10 62 37 892 0 24
10 37 62 893 0 -24
10 62 37 894 0 24
10 37 62 895 0 -24
10 62 37 896 0 24
10 37 62 897 0 -24
10 62 37 898 0 12
10 37 69 899 0 12
10 69 50 900 0 -24
10 50 69 901 0 24
10 69 50 903 0 -24
10 50 69 904 0 23
10 69 62 906 0 -23
10 62 73 907 0 0
