372629
Odvoz

1
136
1 44 8 480 0 13
1 8 43 487 0 0
1 43 23 495 0 -13
1 23 43 507 0 0
1 43 8 517 0 13
1 8 43 523 0 0
1 43 23 531 0 -13
1 23 43 543 0 0
1 43 8 553 0 13
1 8 43 559 0 0
1 43 23 567 0 -13
1 23 43 579 0 0
1 43 8 589 0 2
1 8 34 595 0 11
1 34 33 616 0 0
1 33 23 628 0 -13
1 23 43 651 0 0
1 43 33 661 0 0
1 33 34 671 0 13
1 34 33 682 0 0
1 33 23 694 0 -13
1 23 43 717 0 0
1 43 33 727 0 0
1 33 34 737 0 13
1 34 33 748 0 0
1 33 23 760 0 -13
1 23 43 783 0 0
1 43 33 793 0 0
1 33 34 803 0 10
1 34 33 814 0 0
1 33 23 826 0 -10
1 23 44 849 0 0
6 4 25 480 0 0
6 25 17 490 0 0
6 17 12 520 0 12
6 12 29 526 0 0
6 29 48 553 0 -12
6 48 10 571 0 0
6 10 28 587 0 0
6 28 45 603 0 0
6 45 12 609 0 12
6 12 29 622 0 0
6 29 48 649 0 -12
6 48 10 667 0 0
6 10 28 683 0 0
6 28 45 699 0 0
6 45 12 705 0 12
6 12 29 718 0 0
6 29 48 745 0 -12
6 48 10 763 0 0
6 10 28 779 0 0
6 28 45 795 0 0
6 45 12 801 0 12
6 12 29 814 0 0
6 29 48 841 0 -12
6 48 10 859 0 0
6 10 28 875 0 0
6 28 45 891 0 0
6 45 12 897 0 12
6 12 6 910 0 0
6 6 3 941 0 -12
6 3 4 955 0 0
7 28 45 480 0 0
7 45 38 486 0 14
7 38 45 503 0 0
7 45 28 518 0 0
7 28 10 524 0 0
7 10 48 538 0 -14
7 48 10 558 0 0
7 10 38 574 0 14
7 38 45 599 0 0
7 45 28 614 0 0
7 28 10 620 0 0
7 10 48 634 0 -14
7 48 10 654 0 0
7 10 38 670 0 13
7 38 2 695 0 0
7 2 22 708 0 -13
7 22 40 736 0 0
7 40 26 748 0 14
7 26 14 760 0 0
7 14 22 768 0 -14
7 22 40 782 0 0
7 40 26 794 0 10
7 26 14 806 0 0
7 14 22 814 0 -10
7 22 18 828 0 0
7 18 5 829 0 14
7 5 48 849 0 -14
7 48 5 860 0 14
7 5 48 873 0 -14
7 48 5 884 0 14
7 5 48 897 0 -14
7 48 10 908 0 0
7 10 28 924 0 0
10 13 35 480 0 23
10 35 20 486 0 0
10 20 3 491 0 -23
10 3 20 502 0 0
10 20 35 513 0 18
10 35 5 518 0 0
10 5 48 538 0 -18
10 48 49 549 0 23
10 49 48 565 0 -23
10 48 49 582 0 22
10 49 48 598 0 -22
10 48 10 615 0 0
10 10 28 631 0 0
10 28 45 647 0 23
10 45 28 653 0 0
10 28 10 659 0 0
10 10 48 673 0 -23
10 48 10 693 0 0
10 10 28 709 0 0
10 28 45 725 0 23
10 45 28 731 0 0
10 28 10 737 0 0
10 10 48 751 0 -23
10 48 10 771 0 0
10 10 28 787 0 0
10 28 45 803 0 16
10 45 23 809 0 -16
10 23 44 849 0 0
10 44 36 859 0 23
10 36 34 878 0 0
10 34 33 884 0 0
10 33 23 896 0 -23
10 23 44 919 0 0
10 44 36 929 0 22
10 36 30 948 0 0
10 30 32 968 0 0
10 32 19 974 0 0
10 19 3 987 0 -22
10 3 4 991 0 0
10 4 6 998 0 0
10 6 13 1004 0 0
