372629
Odvoz

2
582
8 74 88 480 0 0
8 88 68 495 0 0
8 68 13 497 0 0
8 13 47 499 0 32
8 47 13 501 0 0
8 13 68 503 0 0
8 68 8 505 0 -32
8 8 88 513 0 0
8 88 68 523 0 0
8 68 13 525 0 0
8 13 47 527 0 32
8 47 13 529 0 0
8 13 68 531 0 0
8 68 8 533 0 -32
8 8 88 541 0 0
8 88 68 551 0 0
8 68 13 553 0 0
8 13 47 555 0 32
8 47 13 557 0 0
8 13 68 559 0 0
8 68 8 561 0 -32
8 8 88 569 0 0
8 88 68 579 0 0
8 68 13 581 0 0
8 13 47 583 0 32
8 47 13 585 0 0
8 13 68 587 0 0
8 68 8 589 0 -32
8 8 88 597 0 0
8 88 68 607 0 0
8 68 13 609 0 0
8 13 47 611 0 32
8 47 13 613 0 0
8 13 68 615 0 0
8 68 8 617 0 -32
8 8 88 625 0 0
8 88 68 635 0 0
8 68 13 637 0 0
8 13 47 639 0 32
8 47 13 641 0 0
8 13 68 643 0 0
8 68 8 645 0 -32
8 8 88 653 0 0
8 88 68 663 0 0
8 68 13 665 0 0
8 13 47 667 0 32
8 47 13 669 0 0
8 13 68 671 0 0
8 68 8 673 0 -32
8 8 88 681 0 0
8 88 68 691 0 0
8 68 13 693 0 0
8 13 47 695 0 14
8 47 13 697 0 0
8 13 51 699 0 0
8 51 33 702 0 0
8 33 99 704 0 0
8 99 57 705 0 0
8 57 77 707 0 18
8 77 16 709 0 0
8 16 76 712 0 0
8 76 46 714 0 0
8 46 60 716 0 -32
8 60 46 718 0 0
8 46 77 720 0 32
8 77 16 724 0 0
8 16 76 727 0 0
8 76 46 729 0 0
8 46 60 731 0 -32
8 60 46 733 0 0
8 46 77 735 0 32
8 77 16 739 0 0
8 16 76 742 0 0
8 76 46 744 0 0
8 46 60 746 0 -32
8 60 46 748 0 0
8 46 77 750 0 32
8 77 16 754 0 0
8 16 76 757 0 0
8 76 46 759 0 0
8 46 60 761 0 -32
8 60 46 763 0 0
8 46 77 765 0 32
8 77 16 769 0 0
8 16 76 772 0 0
8 76 46 774 0 0
8 46 60 776 0 -32
8 60 46 778 0 0
8 46 77 780 0 32
8 77 16 784 0 0
8 16 76 787 0 0
8 76 46 789 0 0
8 46 60 791 0 -32
8 60 46 793 0 0
8 46 77 795 0 32
8 77 16 799 0 0
8 16 76 802 0 0
8 76 46 804 0 0
8 46 60 806 0 -32
8 60 46 808 0 0
8 46 77 810 0 32
8 77 16 814 0 0
8 16 76 817 0 0
8 76 46 819 0 0
8 46 60 821 0 -32
8 60 46 823 0 0
8 46 77 825 0 32
8 77 16 829 0 0
8 16 76 832 0 0
8 76 46 834 0 0
8 46 60 836 0 -32
8 60 46 838 0 0
8 46 77 840 0 32
8 77 16 844 0 0
8 16 76 847 0 0
8 76 46 849 0 0
8 46 60 851 0 -32
8 60 46 853 0 0
8 46 77 855 0 32
8 77 16 859 0 0
8 16 76 862 0 0
8 76 46 864 0 0
8 46 60 866 0 -32
8 60 46 868 0 0
8 46 77 870 0 28
8 77 16 874 0 0
8 16 76 877 0 0
8 76 46 879 0 0
8 46 60 881 0 0
8 60 98 883 0 0
8 98 93 885 0 0
8 93 37 887 0 4
8 37 93 888 0 -32
8 93 37 890 0 32
8 37 93 891 0 -32
8 93 37 893 0 32
8 37 93 894 0 -32
8 93 37 896 0 32
8 37 93 897 0 -32
8 93 37 899 0 32
8 37 93 900 0 -32
8 93 37 902 0 32
8 37 93 903 0 -32
8 93 37 905 0 32
8 37 93 906 0 -32
8 93 37 908 0 32
8 37 93 909 0 -32
8 93 37 911 0 32
8 37 93 912 0 -32
8 93 37 914 0 32
8 37 93 915 0 -32
8 93 37 917 0 32
8 37 93 918 0 -32
8 93 37 920 0 32
8 37 93 921 0 -32
8 93 37 923 0 32
8 37 93 924 0 -32
8 93 37 926 0 30
8 37 53 927 0 -30
8 53 29 931 0 0
8 29 78 933 0 0
8 78 74 941 0 0
41 61 72 480 0 0
41 72 23 483 0 0
41 23 1 486 0 33
41 1 70 489 0 0
41 70 17 491 0 0
41 17 60 492 0 -33
41 60 17 494 0 0
41 17 70 496 0 0
41 70 1 497 0 33
41 1 70 500 0 0
41 70 17 502 0 0
41 17 60 503 0 -33
41 60 17 505 0 0
41 17 70 507 0 0
41 70 1 508 0 33
41 1 70 511 0 0
41 70 17 513 0 0
41 17 60 514 0 -33
41 60 17 516 0 0
41 17 70 518 0 0
41 70 1 519 0 33
41 1 70 522 0 0
41 70 17 524 0 0
41 17 60 525 0 -33
41 60 17 527 0 0
41 17 70 529 0 0
41 70 1 530 0 33
41 1 70 533 0 0
41 70 17 535 0 0
41 17 60 536 0 -33
41 60 17 538 0 0
41 17 70 540 0 0
41 70 1 541 0 33
41 1 70 544 0 0
41 70 17 546 0 0
41 17 60 547 0 -33
41 60 17 549 0 0
41 17 70 551 0 0
41 70 1 552 0 33
41 1 70 555 0 0
41 70 17 557 0 0
41 17 60 558 0 -33
41 60 17 560 0 0
41 17 70 562 0 0
41 70 1 563 0 33
41 1 70 566 0 0
41 70 17 568 0 0
41 17 60 569 0 -33
41 60 17 571 0 0
41 17 70 573 0 0
41 70 1 574 0 33
41 1 70 577 0 0
41 70 17 579 0 0
41 17 60 580 0 -33
41 60 17 582 0 0
41 17 70 584 0 0
41 70 1 585 0 31
41 1 70 588 0 0
41 70 17 590 0 0
41 17 60 591 0 -31
41 60 17 593 0 0
41 17 70 595 0 0
41 70 28 596 0 0
41 28 63 597 0 33
41 63 28 599 0 0
41 28 17 601 0 0
41 17 60 604 0 -33
41 60 17 606 0 0
41 17 70 608 0 0
41 70 28 609 0 0
41 28 63 610 0 33
41 63 28 612 0 0
41 28 17 614 0 0
41 17 60 617 0 -33
41 60 17 619 0 0
41 17 70 621 0 0
41 70 28 622 0 0
41 28 63 623 0 33
41 63 28 625 0 0
41 28 17 627 0 0
41 17 60 630 0 -33
41 60 17 632 0 0
41 17 70 634 0 0
41 70 28 635 0 0
41 28 63 636 0 33
41 63 28 638 0 0
41 28 17 640 0 0
41 17 60 643 0 -33
41 60 17 645 0 0
41 17 70 647 0 0
41 70 28 648 0 0
41 28 63 649 0 33
41 63 28 651 0 0
41 28 17 653 0 0
41 17 60 656 0 -33
41 60 17 658 0 0
41 17 70 660 0 0
41 70 28 661 0 0
41 28 63 662 0 33
41 63 28 664 0 0
41 28 17 666 0 0
41 17 60 669 0 -33
41 60 17 671 0 0
41 17 70 673 0 0
41 70 28 674 0 0
41 28 63 675 0 33
41 63 28 677 0 0
41 28 17 679 0 0
41 17 60 682 0 -33
41 60 17 684 0 0
41 17 70 686 0 0
41 70 28 687 0 0
41 28 63 688 0 33
41 63 28 690 0 0
41 28 17 692 0 0
41 17 60 695 0 -33
41 60 17 697 0 0
41 17 70 699 0 0
41 70 28 700 0 0
41 28 63 701 0 31
41 63 40 703 0 0
41 40 56 705 0 0
41 56 18 707 0 -31
41 18 56 709 0 0
41 56 32 711 0 33
41 32 85 719 0 0
41 85 18 727 0 -33
41 18 56 728 0 0
41 56 32 730 0 33
41 32 85 738 0 0
41 85 18 746 0 -33
41 18 56 747 0 0
41 56 32 749 0 33
41 32 85 757 0 0
41 85 18 765 0 -33
41 18 56 766 0 0
41 56 32 768 0 33
41 32 85 776 0 0
41 85 18 784 0 -33
41 18 56 785 0 0
41 56 32 787 0 33
41 32 85 795 0 0
41 85 18 803 0 -33
41 18 56 804 0 0
41 56 32 806 0 33
41 32 85 814 0 0
41 85 18 822 0 -33
41 18 56 823 0 0
41 56 32 825 0 33
41 32 85 833 0 0
41 85 18 841 0 -33
41 18 56 842 0 0
41 56 32 844 0 33
41 32 85 852 0 0
41 85 18 860 0 -33
41 18 56 861 0 0
41 56 32 863 0 23
41 32 85 871 0 0
41 85 18 879 0 -23
41 18 85 880 0 0
41 85 7 881 0 33
41 7 85 884 0 0
41 85 18 887 0 -33
41 18 85 888 0 0
41 85 7 889 0 33
41 7 85 892 0 0
41 85 18 895 0 -33
41 18 85 896 0 0
41 85 7 897 0 33
41 7 85 900 0 0
41 85 18 903 0 -33
41 18 85 904 0 0
41 85 7 905 0 33
41 7 85 908 0 0
41 85 18 911 0 -33
41 18 85 912 0 0
41 85 7 913 0 33
41 7 85 916 0 0
41 85 18 919 0 -33
41 18 85 920 0 0
41 85 7 921 0 33
41 7 85 924 0 0
41 85 18 927 0 -33
41 18 85 928 0 0
41 85 7 929 0 33
41 7 85 932 0 0
41 85 18 935 0 -33
41 18 85 936 0 0
41 85 7 937 0 33
41 7 85 940 0 0
41 85 18 943 0 -33
41 18 85 944 0 0
41 85 7 945 0 33
41 7 85 948 0 0
41 85 18 951 0 -33
41 18 85 952 0 0
41 85 7 953 0 25
41 7 85 956 0 0
41 85 18 959 0 -25
41 18 85 960 0 0
41 85 7 961 0 0
41 7 65 964 0 0
41 65 72 969 0 0
41 72 61 971 0 0
47 6 28 480 0 0
47 28 55 490 0 35
47 55 17 493 0 0
47 17 60 494 0 -35
47 60 17 496 0 0
47 17 55 498 0 35
47 55 17 500 0 0
47 17 60 501 0 -35
47 60 17 503 0 0
47 17 55 505 0 35
47 55 17 507 0 0
47 17 60 508 0 -35
47 60 17 510 0 0
47 17 55 512 0 35
47 55 17 514 0 0
47 17 60 515 0 -35
47 60 17 517 0 0
47 17 55 519 0 35
47 55 17 521 0 0
47 17 60 522 0 -35
47 60 17 524 0 0
47 17 55 526 0 35
47 55 17 528 0 0
47 17 60 529 0 -35
47 60 17 531 0 0
47 17 55 533 0 35
47 55 17 535 0 0
47 17 60 536 0 -35
47 60 17 538 0 0
47 17 55 540 0 35
47 55 17 542 0 0
47 17 60 543 0 -35
47 60 17 545 0 0
47 17 55 547 0 35
47 55 17 549 0 0
47 17 60 550 0 -35
47 60 17 552 0 0
47 17 55 554 0 32
47 55 17 556 0 0
47 17 60 557 0 -32
47 60 46 559 0 0
47 46 76 561 0 0
47 76 90 562 0 0
47 90 95 566 0 35
47 95 49 567 0 0
47 49 79 568 0 0
47 79 46 575 0 0
47 46 60 576 0 -35
47 60 46 578 0 0
47 46 76 580 0 0
47 76 90 581 0 0
47 90 95 585 0 35
47 95 49 586 0 0
47 49 79 587 0 0
47 79 46 594 0 0
47 46 60 595 0 -35
47 60 46 597 0 0
47 46 76 599 0 0
47 76 90 600 0 0
47 90 95 604 0 35
47 95 49 605 0 0
47 49 79 606 0 0
47 79 46 613 0 0
47 46 60 614 0 -35
47 60 46 616 0 0
47 46 76 618 0 0
47 76 90 619 0 0
47 90 95 623 0 35
47 95 49 624 0 0
47 49 79 625 0 0
47 79 46 632 0 0
47 46 60 633 0 -35
47 60 46 635 0 0
47 46 76 637 0 0
47 76 90 638 0 0
47 90 95 642 0 35
47 95 49 643 0 0
47 49 79 644 0 0
47 79 46 651 0 0
47 46 60 652 0 -35
47 60 46 654 0 0
47 46 76 656 0 0
47 76 90 657 0 0
47 90 95 661 0 35
47 95 49 662 0 0
47 49 79 663 0 0
47 79 46 670 0 0
47 46 60 671 0 -35
47 60 46 673 0 0
47 46 76 675 0 0
47 76 90 676 0 0
47 90 95 680 0 35
47 95 49 681 0 0
47 49 79 682 0 0
47 79 46 689 0 0
47 46 60 690 0 -35
47 60 46 692 0 0
47 46 76 694 0 0
47 76 90 695 0 0
47 90 95 699 0 35
47 95 49 700 0 0
47 49 79 701 0 0
47 79 46 708 0 0
47 46 60 709 0 -35
47 60 46 711 0 0
47 46 76 713 0 0
47 76 90 714 0 0
47 90 95 718 0 35
47 95 49 719 0 0
47 49 79 720 0 0
47 79 46 727 0 0
47 46 60 728 0 -35
47 60 46 730 0 0
47 46 76 732 0 0
47 76 90 733 0 0
47 90 95 737 0 35
47 95 49 738 0 0
47 49 79 739 0 0
47 79 46 746 0 0
47 46 60 747 0 -35
47 60 46 749 0 0
47 46 76 751 0 0
47 76 90 752 0 0
47 90 95 756 0 35
47 95 49 757 0 0
47 49 79 758 0 0
47 79 46 765 0 0
47 46 60 766 0 -35
47 60 46 768 0 0
47 46 76 770 0 0
47 76 90 771 0 0
47 90 95 775 0 4
47 95 90 776 0 0
47 90 59 777 0 0
47 59 57 778 0 31
47 57 3 779 0 0
47 3 16 781 0 0
47 16 76 783 0 0
47 76 46 785 0 0
47 46 60 787 0 -35
47 60 46 789 0 0
47 46 76 791 0 0
47 76 57 792 0 35
47 57 3 797 0 0
47 3 16 799 0 0
47 16 76 801 0 0
47 76 46 803 0 0
47 46 60 805 0 -35
47 60 46 807 0 0
47 46 76 809 0 0
47 76 57 810 0 35
47 57 3 815 0 0
47 3 16 817 0 0
47 16 76 819 0 0
47 76 46 821 0 0
47 46 60 823 0 -35
47 60 46 825 0 0
47 46 76 827 0 0
47 76 57 828 0 35
47 57 3 833 0 0
47 3 16 835 0 0
47 16 76 837 0 0
47 76 46 839 0 0
47 46 60 841 0 -35
47 60 46 843 0 0
47 46 76 845 0 0
47 76 57 846 0 35
47 57 3 851 0 0
47 3 16 853 0 0
47 16 76 855 0 0
47 76 46 857 0 0
47 46 60 859 0 -35
47 60 46 861 0 0
47 46 76 863 0 0
47 76 57 864 0 35
47 57 3 869 0 0
47 3 16 871 0 0
47 16 76 873 0 0
47 76 46 875 0 0
47 46 60 877 0 -35
47 60 46 879 0 0
47 46 76 881 0 0
47 76 57 882 0 35
47 57 3 887 0 0
47 3 16 889 0 0
47 16 76 891 0 0
47 76 46 893 0 0
47 46 60 895 0 -35
47 60 46 897 0 0
47 46 76 899 0 0
47 76 57 900 0 35
47 57 3 905 0 0
47 3 16 907 0 0
47 16 76 909 0 0
47 76 46 911 0 0
47 46 60 913 0 -35
47 60 46 915 0 0
47 46 76 917 0 0
47 76 57 918 0 35
47 57 3 923 0 0
47 3 16 925 0 0
47 16 76 927 0 0
47 76 46 929 0 0
47 46 60 931 0 -35
47 60 46 933 0 0
47 46 76 935 0 0
47 76 57 936 0 35
47 57 3 941 0 0
47 3 16 943 0 0
47 16 76 945 0 0
47 76 79 947 0 0
47 79 54 948 0 0
47 54 8 950 0 -35
47 8 64 951 0 0
47 64 19 953 0 0
47 19 6 957 0 0
