372629
Odvoz

4
503
14 129 61 480 0 0
14 61 102 481 0 22
14 102 156 483 0 -22
14 156 61 485 0 0
14 61 102 486 0 22
14 102 156 488 0 -22
14 156 61 490 0 0
14 61 102 491 0 6
14 102 61 493 0 0
14 61 37 495 0 0
14 37 59 496 0 16
14 59 172 497 0 -22
14 172 59 500 0 22
14 59 172 502 0 -22
14 172 59 505 0 22
14 59 172 507 0 -22
14 172 59 510 0 18
14 59 129 512 0 0
14 129 156 513 0 -18
14 156 55 515 0 22
14 55 156 516 0 -22
14 156 55 517 0 22
14 55 156 518 0 -22
14 156 55 519 0 20
14 55 156 520 0 -20
14 156 69 521 0 22
14 69 156 522 0 -22
14 156 69 523 0 22
14 69 156 524 0 -22
14 156 69 525 0 22
14 69 156 526 0 -22
14 156 69 527 0 9
14 69 156 528 0 -9
14 156 129 529 0 0
27 149 188 480 0 24
27 188 129 481 0 0
27 129 156 482 0 -24
27 156 1 484 0 0
27 1 188 485 0 24
27 188 129 486 0 0
27 129 156 487 0 -24
27 156 1 489 0 0
27 1 188 490 0 15
27 188 129 491 0 0
27 129 156 492 0 -15
27 156 12 494 0 0
27 12 14 495 0 24
27 14 12 496 0 0
27 12 156 497 0 -24
27 156 12 498 0 0
27 12 14 499 0 24
27 14 12 500 0 0
27 12 156 501 0 -24
27 156 12 502 0 0
27 12 14 503 0 23
27 14 151 504 0 1
27 151 156 505 0 -24
27 156 151 507 0 24
27 151 156 508 0 -24
27 156 151 510 0 24
27 151 156 511 0 -24
27 156 151 513 0 7
27 151 194 514 0 0
27 194 143 515 0 0
27 143 46 516 0 0
27 46 41 518 0 17
27 41 112 519 0 0
27 112 155 520 0 -24
27 155 112 521 0 0
27 112 41 522 0 24
27 41 112 523 0 0
27 112 155 524 0 -24
27 155 112 525 0 0
27 112 41 526 0 24
27 41 112 527 0 0
27 112 155 528 0 -24
27 155 112 529 0 0
27 112 41 530 0 10
27 41 112 531 0 0
27 112 39 532 0 14
27 39 155 533 0 -24
27 155 39 534 0 15
27 39 155 535 0 -15
27 155 130 536 0 24
27 130 155 538 0 -24
27 155 130 540 0 24
27 130 155 542 0 -24
27 155 130 544 0 2
27 130 6 546 0 0
27 6 92 547 0 22
27 92 50 549 0 0
27 50 155 550 0 -24
27 155 6 554 0 0
27 6 92 556 0 21
27 92 50 558 0 0
27 50 155 559 0 -21
27 155 101 563 0 0
27 101 119 565 0 24
27 119 101 566 0 0
27 101 155 567 0 -24
27 155 101 569 0 0
27 101 119 571 0 24
27 119 101 572 0 0
27 101 155 573 0 -24
27 155 101 575 0 0
27 101 119 577 0 20
27 119 101 578 0 0
27 101 155 579 0 -20
27 155 130 581 0 0
27 130 31 583 0 24
27 31 130 585 0 0
27 130 155 587 0 -24
27 155 130 589 0 0
27 130 31 591 0 24
27 31 130 593 0 0
27 130 155 595 0 -24
27 155 130 597 0 0
27 130 31 599 0 24
27 31 130 601 0 0
27 130 155 603 0 -24
27 155 130 605 0 0
27 130 31 607 0 1
27 31 194 609 0 23
27 194 89 610 0 0
27 89 156 611 0 -24
27 156 89 612 0 0
27 89 194 613 0 24
27 194 89 614 0 0
27 89 156 615 0 -24
27 156 89 616 0 0
27 89 194 617 0 3
27 194 195 618 0 21
27 195 89 619 0 0
27 89 156 621 0 -24
27 156 89 622 0 0
27 89 148 623 0 0
27 148 195 624 0 24
27 195 89 625 0 0
27 89 156 627 0 -24
27 156 89 628 0 0
27 89 148 629 0 0
27 148 195 630 0 16
27 195 89 631 0 0
27 89 156 633 0 -16
27 156 1 634 0 0
27 1 149 635 0 0
44 49 78 480 0 0
44 78 146 482 0 26
44 146 159 483 0 -26
44 159 146 485 0 26
44 146 159 487 0 -26
44 159 146 489 0 26
44 146 159 491 0 -26
44 159 146 493 0 17
44 146 159 495 0 -17
44 159 161 497 0 26
44 161 159 499 0 -26
44 159 161 501 0 26
44 161 159 503 0 -26
44 159 161 505 0 13
44 161 100 507 0 13
44 100 159 508 0 -26
44 159 100 509 0 26
44 100 159 510 0 -26
44 159 100 511 0 16
44 100 63 512 0 10
44 63 29 516 0 -26
44 29 63 518 0 26
44 63 29 520 0 -26
44 29 63 522 0 26
44 63 29 524 0 -26
44 29 63 526 0 19
44 63 29 528 0 0
44 29 174 530 0 7
44 174 29 531 0 -26
44 29 174 532 0 26
44 174 29 533 0 -26
44 29 174 534 0 21
44 174 29 535 0 -21
44 29 107 536 0 0
44 107 72 538 0 26
44 72 107 539 0 0
44 107 29 540 0 -26
44 29 107 542 0 0
44 107 72 544 0 26
44 72 107 545 0 0
44 107 29 546 0 -26
44 29 107 548 0 0
44 107 72 550 0 26
44 72 107 551 0 0
44 107 29 552 0 -26
44 29 107 554 0 0
44 107 72 556 0 26
44 72 107 557 0 0
44 107 29 558 0 -26
44 29 107 560 0 0
44 107 72 562 0 7
44 72 107 563 0 0
44 107 29 564 0 -7
44 29 35 566 0 0
44 35 98 568 0 26
44 98 35 569 0 0
44 35 29 570 0 -26
44 29 35 572 0 0
44 35 98 574 0 26
44 98 35 575 0 0
44 35 29 576 0 -26
44 29 35 578 0 0
44 35 98 580 0 26
44 98 35 581 0 0
44 35 29 582 0 -26
44 29 35 584 0 0
44 35 98 586 0 1
44 98 25 587 0 25
44 25 109 588 0 0
44 109 174 589 0 0
44 174 29 590 0 -26
44 29 174 591 0 0
44 174 109 592 0 0
44 109 25 593 0 25
44 25 173 595 0 0
44 173 91 597 0 0
44 91 179 599 0 -25
44 179 154 601 0 0
44 154 123 602 0 0
44 123 200 603 0 26
44 200 101 605 0 0
44 101 155 607 0 -26
44 155 101 609 0 0
44 101 200 611 0 26
44 200 101 613 0 0
44 101 155 615 0 -26
44 155 101 617 0 0
44 101 200 619 0 11
44 200 169 621 0 0
44 169 51 622 0 0
44 51 150 623 0 15
44 150 5 624 0 0
44 5 56 626 0 0
44 56 179 628 0 -26
44 179 56 629 0 0
44 56 5 630 0 0
44 5 150 631 0 26
44 150 5 633 0 0
44 5 56 635 0 0
44 56 179 637 0 -26
44 179 56 638 0 0
44 56 5 639 0 0
44 5 150 640 0 19
44 150 5 642 0 0
44 5 56 644 0 0
44 56 179 646 0 -19
44 179 154 647 0 0
44 154 139 648 0 26
44 139 118 649 0 0
44 118 179 650 0 -26
44 179 154 651 0 0
44 154 139 652 0 11
44 139 154 653 0 0
44 154 56 654 0 0
44 56 5 656 0 0
44 5 81 657 0 15
44 81 5 658 0 0
44 5 56 659 0 0
44 56 179 661 0 -26
44 179 56 662 0 0
44 56 5 663 0 0
44 5 81 664 0 26
44 81 5 665 0 0
44 5 56 666 0 0
44 56 179 668 0 -26
44 179 56 669 0 0
44 56 5 670 0 0
44 5 81 671 0 26
44 81 5 672 0 0
44 5 56 673 0 0
44 56 179 675 0 -26
44 179 154 676 0 0
44 154 123 677 0 0
44 123 169 678 0 26
44 169 147 680 0 0
44 147 90 682 0 0
44 90 2 684 0 -26
44 2 198 686 0 0
44 198 40 687 0 0
44 40 169 688 0 25
44 169 147 690 0 0
44 147 90 692 0 0
44 90 2 694 0 -25
44 2 66 696 0 0
44 66 32 698 0 26
44 32 66 699 0 0
44 66 2 700 0 -26
44 2 66 702 0 0
44 66 32 704 0 26
44 32 66 705 0 0
44 66 2 706 0 -26
44 2 66 708 0 0
44 66 32 710 0 26
44 32 66 711 0 0
44 66 2 712 0 -26
44 2 66 714 0 0
44 66 32 716 0 12
44 32 66 717 0 0
44 66 94 718 0 0
44 94 104 719 0 0
44 104 10 720 0 14
44 10 164 721 0 0
44 164 2 722 0 -26
44 2 66 724 0 0
44 66 94 726 0 0
44 94 104 727 0 0
44 104 10 728 0 26
44 10 164 729 0 0
44 164 2 730 0 -26
44 2 66 732 0 0
44 66 94 734 0 0
44 94 104 735 0 0
44 104 10 736 0 23
44 10 164 737 0 0
44 164 2 738 0 -23
44 2 120 740 0 26
44 120 73 744 0 0
44 73 121 745 0 0
44 121 86 746 0 0
44 86 2 747 0 -26
44 2 120 749 0 26
44 120 73 753 0 0
44 73 121 754 0 0
44 121 86 755 0 0
44 86 2 756 0 -26
44 2 120 758 0 23
44 120 162 762 0 0
44 162 93 764 0 0
44 93 127 765 0 -23
44 127 17 767 0 26
44 17 127 768 0 -26
44 127 17 769 0 26
44 17 127 770 0 -26
44 127 17 771 0 22
44 17 127 772 0 -22
44 127 17 773 0 0
44 17 170 774 0 0
44 170 191 775 0 26
44 191 164 776 0 0
44 164 2 778 0 -26
44 2 86 780 0 0
44 86 121 782 0 0
44 121 18 783 0 0
44 18 191 784 0 26
44 191 164 786 0 0
44 164 2 788 0 -26
44 2 86 790 0 0
44 86 121 792 0 0
44 121 18 793 0 0
44 18 191 794 0 10
44 191 10 796 0 0
44 10 104 797 0 0
44 104 94 798 0 16
44 94 2 799 0 -26
44 2 66 802 0 0
44 66 94 804 0 26
44 94 2 805 0 -26
44 2 66 808 0 0
44 66 94 810 0 26
44 94 2 811 0 -26
44 2 66 814 0 0
44 66 94 816 0 26
44 94 2 817 0 -26
44 2 66 820 0 0
44 66 94 822 0 13
44 94 66 823 0 13
44 66 2 824 0 -26
44 2 66 826 0 26
44 66 2 828 0 -26
44 2 66 830 0 26
44 66 2 832 0 -26
44 2 66 834 0 26
44 66 2 836 0 -26
44 2 66 838 0 12
44 66 2 840 0 0
44 2 86 842 0 14
44 86 2 844 0 -26
44 2 86 846 0 26
44 86 2 848 0 -26
44 2 86 850 0 15
44 86 2 852 0 -15
44 2 68 854 0 0
44 68 67 858 0 26
44 67 49 859 0 0
44 49 78 860 0 0
44 78 159 862 0 -26
44 159 15 864 0 0
44 15 87 866 0 0
44 87 67 867 0 8
44 67 87 868 0 0
44 87 180 869 0 18
44 180 45 870 0 0
44 45 159 871 0 -26
44 159 180 873 0 26
44 180 45 876 0 0
44 45 159 877 0 -26
44 159 180 879 0 15
44 180 15 882 0 0
44 15 96 883 0 11
44 96 152 885 0 -26
44 152 96 886 0 26
44 96 152 887 0 -26
44 152 96 888 0 26
44 96 64 889 0 0
44 64 95 890 0 -26
44 95 125 891 0 26
44 125 95 892 0 -26
44 95 125 893 0 26
44 125 95 894 0 -26
44 95 125 895 0 3
44 125 47 896 0 23
44 47 95 897 0 -26
44 95 47 898 0 26
44 47 95 900 0 -26
44 95 47 901 0 23
44 47 95 903 0 -23
44 95 134 904 0 26
44 134 95 905 0 -26
44 95 134 906 0 26
44 134 95 907 0 -26
44 95 134 908 0 25
44 134 159 909 0 -25
44 159 78 911 0 0
44 78 49 913 0 0
50 147 131 480 0 0
50 131 7 481 0 22
50 7 71 482 0 0
50 71 2 484 0 -22
50 2 198 486 0 0
50 198 7 487 0 22
50 7 71 489 0 0
50 71 2 491 0 -22
50 2 198 493 0 0
50 198 7 494 0 18
50 7 179 496 0 -18
50 179 118 500 0 22
50 118 179 502 0 -22
50 179 118 503 0 22
50 118 179 505 0 -22
50 179 118 506 0 22
50 118 179 508 0 -22
50 179 118 509 0 22
50 118 179 511 0 -22
50 179 118 512 0 22
50 118 179 514 0 -22
50 179 118 515 0 17
50 118 179 517 0 -17
50 179 19 518 0 22
50 19 179 519 0 -22
50 179 19 520 0 22
50 19 179 521 0 -22
50 179 24 522 0 22
50 24 179 523 0 -22
50 179 24 524 0 22
50 24 179 525 0 -22
50 179 24 526 0 7
50 24 56 527 0 0
50 56 192 528 0 15
50 192 56 530 0 0
50 56 179 533 0 -22
50 179 56 534 0 0
50 56 192 535 0 22
50 192 56 537 0 0
50 56 179 540 0 -22
50 179 56 541 0 0
50 56 192 542 0 22
50 192 56 544 0 0
50 56 179 547 0 -22
50 179 56 548 0 0
50 56 192 549 0 8
50 192 56 551 0 14
50 56 179 554 0 -22
50 179 56 555 0 22
50 56 179 556 0 -22
50 179 56 557 0 9
50 56 77 558 0 13
50 77 179 559 0 -22
50 179 77 560 0 22
50 77 179 561 0 -22
50 179 77 562 0 22
50 77 179 563 0 -22
50 179 77 564 0 22
50 77 179 565 0 -22
50 179 77 566 0 4
50 77 128 567 0 18
50 128 56 568 0 0
50 56 179 569 0 -22
50 179 56 570 0 0
50 56 128 571 0 22
50 128 56 572 0 0
50 56 179 573 0 -22
50 179 56 574 0 0
50 56 128 575 0 20
50 128 56 576 0 0
50 56 179 577 0 -20
50 179 154 578 0 0
50 154 147 579 0 0
