372629
Odvoz

5
289
1 25 42 0 0 21
1 42 13 4 0 -21
1 13 42 6 0 21
1 42 13 8 0 -21
1 13 42 10 0 19
1 42 13 12 0 -19
1 13 25 14 0 0
2 27 12 0 0 23
2 12 4 5 0 -23
2 4 12 10 0 23
2 12 4 14 0 -23
2 4 12 19 0 23
2 12 4 23 0 -23
2 4 12 28 0 8
2 12 43 32 0 15
2 43 4 35 0 -23
2 4 43 37 0 23
2 43 4 39 0 -23
2 4 43 41 0 23
2 43 4 43 0 -23
2 4 43 45 0 2
2 43 47 47 0 21
2 47 4 49 0 -23
2 4 47 52 0 23
2 47 4 56 0 -23
2 4 47 59 0 13
2 47 4 63 0 -13
2 4 27 66 0 0
4 67 51 0 0 13
4 51 19 3 0 -13
4 19 51 6 0 13
4 51 19 9 0 -13
4 19 51 12 0 11
4 51 19 15 0 -11
4 19 21 18 0 13
4 21 19 22 0 -13
4 19 21 25 0 13
4 21 19 29 0 -13
4 19 21 32 0 13
4 21 19 36 0 -13
4 19 21 39 0 12
4 21 19 43 0 -12
4 19 67 46 0 0
12 23 46 0 0 24
12 46 14 5 0 -24
12 14 46 7 0 24
12 46 14 8 0 -24
12 14 46 10 0 24
12 46 14 11 0 -24
12 14 46 13 0 24
12 46 14 14 0 -24
12 14 46 16 0 10
12 46 8 17 0 14
12 8 14 22 0 -24
12 14 8 26 0 24
12 8 14 30 0 -24
12 14 8 34 0 24
12 8 14 38 0 -24
12 14 8 42 0 16
12 8 46 46 0 0
12 46 11 51 0 8
12 11 23 57 0 0
12 23 17 59 0 -24
12 17 11 61 0 24
12 11 23 65 0 0
12 23 17 67 0 -24
12 17 11 69 0 19
12 11 23 73 0 0
12 23 17 75 0 -19
12 17 23 77 0 0
29 31 33 0 0 0
29 33 72 14 0 0
29 72 58 21 0 33
29 58 55 29 0 0
29 55 33 32 0 0
29 33 38 41 0 0
29 38 61 44 0 -33
29 61 79 48 0 0
29 79 58 50 0 27
29 58 55 70 0 0
29 55 33 73 0 0
29 33 38 82 0 6
29 38 61 85 0 -33
29 61 38 89 0 33
29 38 61 94 0 -33
29 61 38 98 0 10
29 38 61 103 0 0
29 61 79 107 0 0
29 79 63 109 0 0
29 63 62 118 0 23
29 62 73 122 0 0
29 73 56 126 0 0
29 56 14 133 0 -33
29 14 56 138 0 0
29 56 73 144 0 0
29 73 62 150 0 33
29 62 73 155 0 0
29 73 56 159 0 0
29 56 14 166 0 -33
29 14 56 171 0 0
29 56 73 177 0 0
29 73 62 183 0 11
29 62 50 188 0 0
29 50 30 190 0 0
29 30 16 194 0 0
29 16 22 198 0 22
29 22 21 200 0 0
29 21 19 204 0 -33
29 19 21 207 0 0
29 21 22 211 0 33
29 22 21 215 0 0
29 21 19 219 0 -33
29 19 21 222 0 0
29 21 22 226 0 3
29 22 5 230 0 30
29 5 10 235 0 0
29 10 19 236 0 -33
29 19 21 246 0 0
29 21 22 250 0 0
29 22 5 254 0 33
29 5 10 259 0 0
29 10 19 260 0 -33
29 19 21 270 0 0
29 21 22 274 0 0
29 22 5 278 0 4
29 5 30 283 0 29
29 30 10 285 0 0
29 10 19 286 0 -33
29 19 21 296 0 0
29 21 16 300 0 0
29 16 30 305 0 32
29 30 5 310 0 0
29 5 25 311 0 0
29 25 17 325 0 -32
29 17 11 327 0 0
29 11 80 331 0 33
29 80 54 339 0 0
29 54 4 342 0 -33
29 4 27 346 0 0
29 27 54 347 0 0
29 54 80 350 0 24
29 80 54 354 0 9
29 54 4 357 0 -33
29 4 27 361 0 0
29 27 54 362 0 33
29 54 4 365 0 -33
29 4 27 369 0 0
29 27 54 370 0 33
29 54 4 373 0 -33
29 4 27 377 0 0
29 27 54 378 0 5
29 54 69 381 0 28
29 69 27 383 0 0
29 27 4 388 0 -33
29 4 27 390 0 0
29 27 54 391 0 0
29 54 69 394 0 21
29 69 27 396 0 0
29 27 4 401 0 -21
29 4 12 403 0 0
29 12 48 407 0 33
29 48 28 413 0 0
29 28 14 414 0 -33
29 14 46 420 0 0
29 46 48 421 0 15
29 48 53 426 0 0
29 53 1 432 0 0
29 1 63 435 0 18
29 63 75 442 0 0
29 75 79 452 0 0
29 79 61 454 0 -33
29 61 79 457 0 0
29 79 63 459 0 30
29 63 75 468 0 0
29 75 79 478 0 0
29 79 61 480 0 -30
29 61 79 483 0 0
29 79 18 485 0 0
29 18 6 492 0 33
29 6 20 501 0 0
29 20 61 503 0 -33
29 61 79 520 0 0
29 79 18 522 0 0
29 18 6 529 0 33
29 6 20 538 0 0
29 20 61 540 0 -33
29 61 79 557 0 0
29 79 18 559 0 0
29 18 6 566 0 4
29 6 20 575 0 0
29 20 35 577 0 29
29 35 61 580 0 -33
29 61 79 598 0 0
29 79 75 600 0 0
29 75 68 602 0 0
29 68 35 606 0 28
29 35 61 617 0 -28
29 61 79 635 0 0
29 79 18 637 0 0
29 18 78 644 0 0
29 78 77 650 0 33
29 77 78 651 0 0
29 78 26 652 0 0
29 26 61 655 0 -33
29 61 79 668 0 0
29 79 18 670 0 0
29 18 78 677 0 0
29 78 77 683 0 25
29 77 78 684 0 0
29 78 26 685 0 0
29 26 18 688 0 0
29 18 2 690 0 8
29 2 37 703 0 -33
29 37 2 704 0 33
29 2 37 705 0 -33
29 37 2 706 0 3
29 2 36 707 0 30
29 36 37 712 0 -33
29 37 36 719 0 26
29 36 44 725 0 7
29 44 2 726 0 0
29 2 37 732 0 -33
29 37 2 733 0 0
29 2 44 734 0 33
29 44 2 740 0 0
29 2 37 746 0 -33
29 37 2 747 0 0
29 2 44 748 0 27
29 44 2 754 0 0
29 2 37 760 0 -27
29 37 2 761 0 0
29 2 64 762 0 33
29 64 31 773 0 0
29 31 61 775 0 -33
29 61 49 792 0 0
29 49 44 793 0 0
29 44 64 803 0 33
29 64 31 813 0 0
29 31 61 815 0 -33
29 61 49 832 0 0
29 49 44 833 0 0
29 44 64 843 0 3
29 64 31 853 0 0
29 31 33 855 0 0
29 33 7 869 0 30
29 7 38 875 0 0
29 38 61 884 0 -33
29 61 38 888 0 0
29 38 33 893 0 0
29 33 7 896 0 33
29 7 38 902 0 0
29 38 61 911 0 -33
29 61 38 915 0 0
29 38 33 920 0 0
29 33 7 923 0 30
29 7 38 929 0 0
29 38 61 938 0 -30
29 61 79 942 0 0
29 79 18 944 0 33
29 18 26 951 0 0
29 26 61 954 0 -33
29 61 79 967 0 0
29 79 18 969 0 33
29 18 26 976 0 0
29 26 61 979 0 -33
29 61 79 992 0 0
29 79 18 994 0 12
29 18 3 1001 0 0
29 3 41 1006 0 21
29 41 7 1013 0 0
29 7 38 1014 0 0
29 38 61 1023 0 -33
29 61 38 1027 0 0
29 38 33 1032 0 0
29 33 7 1035 0 0
29 7 41 1041 0 33
29 41 7 1042 0 0
29 7 38 1043 0 0
29 38 61 1052 0 -33
29 61 38 1056 0 0
29 38 33 1061 0 0
29 33 7 1064 0 0
29 7 41 1070 0 27
29 41 7 1071 0 0
29 7 2 1072 0 0
29 2 37 1088 0 -27
29 37 2 1089 0 0
29 2 64 1090 0 0
29 64 31 1101 0 0
